GitHub/Android-Cookbook-Examples/DreamsDemo/build/outputs/logs/manifest-merger-debug-report.txt
-- Merging decision tree log ---
manifest
ADDED from Android-Cookbook-Examples/DreamsDemo/AndroidManifest.xml:2:1-40:12
	package
		ADDED from Android-Cookbook-Examples/DreamsDemo/AndroidManifest.xml:3:5-37
	android:versionName
		ADDED from Android-Cookbook-Examples/DreamsDemo/AndroidManifest.xml:5:5-30
		INJECTED from Android-Cookbook-Examples/DreamsDemo/AndroidManifest.xml
		INJECTED from Android-Cookbook-Examples/DreamsDemo/AndroidManifest.xml
	android:versionCode
		ADDED from Android-Cookbook-Examples/DreamsDemo/AndroidManifest.xml:4:5-28
		INJECTED from Android-Cookbook-Examples/DreamsDemo/AndroidManifest.xml
		INJECTED from Android-Cookbook-Examples/DreamsDemo/AndroidManifest.xml
	xmlns:android
		ADDED from Android-Cookbook-Examples/DreamsDemo/AndroidManifest.xml:2:11-69
uses-sdk
ADDED from Android-Cookbook-Examples/DreamsDemo/AndroidManifest.xml:7:5-9:41
MERGED from [com.android.support:appcompat-v7:26.0.0-alpha1] AndroidManifest.xml:21:5-23:78
MERGED from [com.android.support:support-v4:26.0.0-alpha1] AndroidManifest.xml:21:5-23:54
MERGED from [com.android.support:support-media-compat:26.0.0-alpha1] AndroidManifest.xml:21:5-23:63
MERGED from [com.android.support:support-fragment:26.0.0-alpha1] AndroidManifest.xml:21:5-23:60
MERGED from [com.android.support:support-core-ui:26.0.0-alpha1] AndroidManifest.xml:21:5-23:58
MERGED from [com.android.support:support-core-utils:26.0.0-alpha1] AndroidManifest.xml:21:5-23:61
MERGED from [com.android.support:animated-vector-drawable:26.0.0-alpha1] AndroidManifest.xml:20:5-44
MERGED from [com.android.support:support-vector-drawable:26.0.0-alpha1] AndroidManifest.xml:20:5-44
MERGED from [com.android.support:support-compat:26.0.0-alpha1] AndroidManifest.xml:21:5-23:58
	tools:overrideLibrary
		ADDED from [com.android.support:appcompat-v7:26.0.0-alpha1] AndroidManifest.xml:23:9-75
	android:targetSdkVersion
		ADDED from Android-Cookbook-Examples/DreamsDemo/AndroidManifest.xml:9:9-38
		INJECTED from Android-Cookbook-Examples/DreamsDemo/AndroidManifest.xml
		INJECTED from Android-Cookbook-Examples/DreamsDemo/AndroidManifest.xml
	android:minSdkVersion
		ADDED from Android-Cookbook-Examples/DreamsDemo/AndroidManifest.xml:8:9-35
		INJECTED from Android-Cookbook-Examples/DreamsDemo/AndroidManifest.xml
		INJECTED from Android-Cookbook-Examples/DreamsDemo/AndroidManifest.xml
application
ADDED from Android-Cookbook-Examples/DreamsDemo/AndroidManifest.xml:11:5-38:19
MERGED from [com.android.support:appcompat-v7:26.0.0-alpha1] AndroidManifest.xml:29:5-20
MERGED from [com.android.support:support-v4:26.0.0-alpha1] AndroidManifest.xml:29:5-20
MERGED from [com.android.support:support-media-compat:26.0.0-alpha1] AndroidManifest.xml:29:5-20
MERGED from [com.android.support:support-fragment:26.0.0-alpha1] AndroidManifest.xml:29:5-20
MERGED from [com.android.support:support-core-ui:26.0.0-alpha1] AndroidManifest.xml:29:5-20
MERGED from [com.android.support:support-core-utils:26.0.0-alpha1] AndroidManifest.xml:29:5-20
MERGED from [com.android.support:animated-vector-drawable:26.0.0-alpha1] AndroidManifest.xml:26:5-20
MERGED from [com.android.support:support-vector-drawable:26.0.0-alpha1] AndroidManifest.xml:26:5-20
MERGED from [com.android.support:support-compat:26.0.0-alpha1] AndroidManifest.xml:29:5-20
	android:label
		ADDED from Android-Cookbook-Examples/DreamsDemo/AndroidManifest.xml:14:9-41
	android:allowBackup
		ADDED from Android-Cookbook-Examples/DreamsDemo/AndroidManifest.xml:12:9-35
	android:icon
		ADDED from Android-Cookbook-Examples/DreamsDemo/AndroidManifest.xml:13:9-45
	android:theme
		ADDED from Android-Cookbook-Examples/DreamsDemo/AndroidManifest.xml:15:9-40
service#com.example.dreamsdemo.DreamsDemo
ADDED from Android-Cookbook-Examples/DreamsDemo/AndroidManifest.xml:17:9-34:19
	android:label
		ADDED from Android-Cookbook-Examples/DreamsDemo/AndroidManifest.xml:21:13-48
	android:exported
		ADDED from Android-Cookbook-Examples/DreamsDemo/AndroidManifest.xml:19:13-36
	android:icon
		ADDED from Android-Cookbook-Examples/DreamsDemo/AndroidManifest.xml:20:13-49
	android:name
		ADDED from Android-Cookbook-Examples/DreamsDemo/AndroidManifest.xml:18:13-39
intent-filter#android.intent.category.DEFAULT+android.service.dreams.DreamService
ADDED from Android-Cookbook-Examples/DreamsDemo/AndroidManifest.xml:22:13-26:29
action#android.service.dreams.DreamService
ADDED from Android-Cookbook-Examples/DreamsDemo/AndroidManifest.xml:23:17-78
	android:name
		ADDED from Android-Cookbook-Examples/DreamsDemo/AndroidManifest.xml:23:25-75
category#android.intent.category.DEFAULT
ADDED from Android-Cookbook-Examples/DreamsDemo/AndroidManifest.xml:25:17-76
	android:name
		ADDED from Android-Cookbook-Examples/DreamsDemo/AndroidManifest.xml:25:27-73
meta-data#android.service.dream
ADDED from Android-Cookbook-Examples/DreamsDemo/AndroidManifest.xml:31:13-33:52
	android:resource
		ADDED from Android-Cookbook-Examples/DreamsDemo/AndroidManifest.xml:33:17-49
	android:name
		ADDED from Android-Cookbook-Examples/DreamsDemo/AndroidManifest.xml:32:17-53
activity#com.example.dreamsdemo.SettingsActivity
ADDED from Android-Cookbook-Examples/DreamsDemo/AndroidManifest.xml:36:9-37:50
	android:label
		ADDED from Android-Cookbook-Examples/DreamsDemo/AndroidManifest.xml:37:13-48
	android:name
		ADDED from Android-Cookbook-Examples/DreamsDemo/AndroidManifest.xml:36:19-51
meta-data#android.support.VERSION
ADDED from [com.android.support:appcompat-v7:26.0.0-alpha1] AndroidManifest.xml:25:5-27:41
MERGED from [com.android.support:support-v4:26.0.0-alpha1] AndroidManifest.xml:25:5-27:41
MERGED from [com.android.support:support-media-compat:26.0.0-alpha1] AndroidManifest.xml:25:5-27:41
MERGED from [com.android.support:support-fragment:26.0.0-alpha1] AndroidManifest.xml:25:5-27:41
MERGED from [com.android.support:support-core-ui:26.0.0-alpha1] AndroidManifest.xml:25:5-27:41
MERGED from [com.android.support:support-core-utils:26.0.0-alpha1] AndroidManifest.xml:25:5-27:41
MERGED from [com.android.support:animated-vector-drawable:26.0.0-alpha1] AndroidManifest.xml:22:5-24:41
MERGED from [com.android.support:support-vector-drawable:26.0.0-alpha1] AndroidManifest.xml:22:5-24:41
MERGED from [com.android.support:support-compat:26.0.0-alpha1] AndroidManifest.xml:25:5-27:41
	android:value
		ADDED from [com.android.support:appcompat-v7:26.0.0-alpha1] AndroidManifest.xml:27:9-38
	android:name
		ADDED from [com.android.support:appcompat-v7:26.0.0-alpha1] AndroidManifest.xml:26:9-47